#
# A fatal error has been detected by the Java Runtime Environment:
#
#  SIGSEGV (0xb) at pc=0x000000010b165ab8, pid=28625, tid=0x0000000000006603
#
# JRE version: OpenJDK Runtime Environment (8.0_275) (build 1.8.0_275-bre_2020_11_16_16_29-b00)
# Java VM: OpenJDK 64-Bit Server VM (25.275-b00 mixed mode bsd-amd64 compressed oops)
# Problematic frame:
# V  [libjvm.dylib+0x565ab8]  Unsafe_GetByte+0xcd
#
# Failed to write core dump. Core dumps have been disabled. To enable core dumping, try "ulimit -c unlimited" before starting Java again
#
# If you would like to submit a bug report, please visit:
#   http://bugreport.java.com/bugreport/crash.jsp
#

---------------  T H R E A D  ---------------

Current thread (0x00007fb98cd5aa00):  JavaThread "CompactionExecutor:2" daemon [_thread_in_vm, id=26115, stack(0x00007000083a5000,0x00007000083e5000)]

siginfo: si_signo: 11 (SIGSEGV), si_code: 1 (SEGV_MAPERR), si_addr: 0x0000000000000000

Registers:
RAX=0x000000010b300140, RBX=0x00007fb98cd5aa00, RCX=0x00007fb98f81b1f0, RDX=0x0000000000000000
RSP=0x00007000083e3a50, RBP=0x00007000083e3a80, RSI=0x00007000083e3b30, RDI=0x00007fb98cd5ac50
R8 =0x0000000000000000, R9 =0x0000000000000000, R10=0x0000000112e6413b, R11=0x000000010b0e59f3
R12=0x0000000000000000, R13=0x000000010e960dd0, R14=0x00007fb98f81b1f0, R15=0x0000000000000000
RIP=0x000000010b165ab8, EFLAGS=0x0000000000010246, ERR=0x0000000000000004
  TRAPNO=0x000000000000000e

Top of Stack: (sp=0x00007000083e3a50)
0x00007000083e3a50:   00007fb98cd5aa00 00007fb98cd5aa00
0x00007000083e3a60:   00007fb98cd5aa00 000000010e960dd0
0x00007000083e3a70:   00007000083e3b30 00007fb98cd5aa00
0x00007000083e3a80:   00007000083e3af8 0000000112e64167
0x00007000083e3a90:   00007fb98f804f68 00000000000003d8
0x00007000083e3aa0:   00000007c003f170 00000007c003f170
0x00007000083e3ab0:   000000010e97a230 00007000083e3ab8
0x00007000083e3ac0:   0000000000000000 00007000083e3b30
0x00007000083e3ad0:   000000010e9909d0 0000000000000000
0x00007000083e3ae0:   000000010e960dd0 0000000000000000
0x00007000083e3af0:   00007000083e3b18 00007000083e3b78
0x00007000083e3b00:   0000000112e53700 0000000000000000
0x00007000083e3b10:   0000000112e5d90e 00007fb98f81b1f0
0x00007000083e3b20:   0000000112e53a40 0000000000000000
0x00007000083e3b30:   0000000790173ef8 00007000083e3b38
0x00007000083e3b40:   0000000111c8189d 00007000083e3bf8
0x00007000083e3b50:   0000000111c81b88 0000000111e5d2d8
0x00007000083e3b60:   0000000111c819a0 00007000083e3b18
0x00007000083e3b70:   00007000083e3bc0 00007000083e3c40
0x00007000083e3b80:   0000000112e53a40 0000000000000000
0x00007000083e3b90:   0000000000000000 0000000000000000
0x00007000083e3ba0:   0000000000000000 0000000000000000
0x00007000083e3bb0:   0000000000000000 0000000000000005
0x00007000083e3bc0:   0000000000000005 0000000000000010
0x00007000083e3bd0:   00007000083e3c40 0000000785d83020
0x00007000083e3be0:   0000000000000005 00007fb98f81b1f0
0x00007000083e3bf0:   0000000000000010 0000000000000000
0x00007000083e3c00:   00007000083e3c00 0000000111c816cc
0x00007000083e3c10:   00007000083e3ca0 0000000111c81b88
0x00007000083e3c20:   0000000111e5cff8 0000000111c81768
0x00007000083e3c30:   00007000083e3bc0 00007000083e3c80
0x00007000083e3c40:   00007000083e3ce8 0000000112e53a40 

Instructions: (pc=0x000000010b165ab8)
0x000000010b165a98:   00 30 74 08 48 89 df e8 50 97 fe ff c7 83 c8 02
0x000000010b165aa8:   00 00 06 00 00 00 48 89 5d e0 41 f6 c7 01 75 05
0x000000010b165ab8:   49 8b 07 eb 08 4c 89 ff e8 55 2e dd ff 42 0f be
0x000000010b165ac8:   1c 30 48 8d 7d e0 e8 91 b9 d9 ff 48 8d 7d d8 e8 

Register to memory mapping:

RAX=0x000000010b300140: _ZN20SafepointSynchronize6_stateE+0 in /usr/local/Cellar/openjdk@8/1.8.0+275/libexec/openjdk.jdk/Contents/Home/jre/lib/server/libjvm.dylib at 0x000000010ac00000
RBX=0x00007fb98cd5aa00 is a thread
RCX=0x00007fb98f81b1f0 is an unknown value
RDX=0x0000000000000000 is an unknown value
RSP=0x00007000083e3a50 is pointing into the stack for thread: 0x00007fb98cd5aa00
RBP=0x00007000083e3a80 is pointing into the stack for thread: 0x00007fb98cd5aa00
RSI=0x00007000083e3b30 is pointing into the stack for thread: 0x00007fb98cd5aa00
RDI=0x00007fb98cd5ac50 is an unknown value
R8 =0x0000000000000000 is an unknown value
R9 =0x0000000000000000 is an unknown value
R10=0x0000000112e6413b is at code_begin+859 in an Interpreter codelet
method entry point (kind = native)  [0x0000000112e63de0, 0x0000000112e64760]  2432 bytes
R11=0x000000010b0e59f3: throw_unsatisfied_link_error+0 in /usr/local/Cellar/openjdk@8/1.8.0+275/libexec/openjdk.jdk/Contents/Home/jre/lib/server/libjvm.dylib at 0x000000010ac00000
R12=0x0000000000000000 is an unknown value
R13={method} {0x000000010e960dd0} 'getByte' '(Ljava/lang/Object;J)B' in 'sun/misc/Unsafe'
R14=0x00007fb98f81b1f0 is an unknown value
R15=0x0000000000000000 is an unknown value


Stack: [0x00007000083a5000,0x00007000083e5000],  sp=0x00007000083e3a50,  free space=250k
Native frames: (J=compiled Java code, j=interpreted, Vv=VM code, C=native code)
V  [libjvm.dylib+0x565ab8]  Unsafe_GetByte+0xcd
j  sun.misc.Unsafe.getByte(Ljava/lang/Object;J)B+0
j  org.apache.cassandra.utils.FastByteOperations$UnsafeOperations.compareTo(Ljava/lang/Object;JILjava/lang/Object;JI)I+117
j  org.apache.cassandra.utils.FastByteOperations$UnsafeOperations.compareTo(Ljava/lang/Object;JILjava/nio/ByteBuffer;)I+84
j  org.apache.cassandra.utils.FastByteOperations$UnsafeOperations.compareTo(Ljava/nio/ByteBuffer;Ljava/nio/ByteBuffer;)I+57
j  org.apache.cassandra.utils.FastByteOperations$UnsafeOperations.compare(Ljava/nio/ByteBuffer;Ljava/nio/ByteBuffer;)I+2
j  org.apache.cassandra.utils.FastByteOperations.compareUnsigned(Ljava/nio/ByteBuffer;Ljava/nio/ByteBuffer;)I+5
j  org.apache.cassandra.utils.ByteBufferUtil.compareUnsigned(Ljava/nio/ByteBuffer;Ljava/nio/ByteBuffer;)I+2
j  org.apache.cassandra.db.DecoratedKey.compareTo(Lorg/apache/cassandra/dht/IPartitioner;Ljava/nio/ByteBuffer;Lorg/apache/cassandra/db/PartitionPosition;)I+53
j  org.apache.cassandra.io.sstable.IndexSummary.binarySearch(Lorg/apache/cassandra/db/PartitionPosition;)I+54
j  org.apache.cassandra.io.sstable.format.SSTableReader.getIndexScanPosition(Lorg/apache/cassandra/db/PartitionPosition;)J+33
j  org.apache.cassandra.io.sstable.format.big.BigTableScanner.seekToCurrentRangeStart()V+14
j  org.apache.cassandra.io.sstable.format.big.BigTableScanner.access$400(Lorg/apache/cassandra/io/sstable/format/big/BigTableScanner;)V+1
j  org.apache.cassandra.io.sstable.format.big.BigTableScanner$KeyScanningIterator.computeNext()Lorg/apache/cassandra/db/rows/UnfilteredRowIterator;+105
j  org.apache.cassandra.io.sstable.format.big.BigTableScanner$KeyScanningIterator.computeNext()Ljava/lang/Object;+1
j  org.apache.cassandra.utils.AbstractIterator.hasNext()Z+45
j  org.apache.cassandra.io.sstable.format.big.BigTableScanner.hasNext()Z+19
j  org.apache.cassandra.utils.MergeIterator$Candidate.advance()Lorg/apache/cassandra/utils/MergeIterator$Candidate;+21
j  org.apache.cassandra.utils.MergeIterator$ManyToOne.advance()V+27
j  org.apache.cassandra.utils.MergeIterator$ManyToOne.computeNext()Ljava/lang/Object;+1
j  org.apache.cassandra.utils.AbstractIterator.hasNext()Z+45
j  org.apache.cassandra.db.partitions.UnfilteredPartitionIterators$2.hasNext()Z+4
j  org.apache.cassandra.db.transform.BasePartitions.hasNext()Z+49
j  org.apache.cassandra.db.compaction.CompactionIterator.hasNext()Z+4
j  org.apache.cassandra.db.compaction.CompactionTask.runMayThrow()V+456
j  org.apache.cassandra.utils.WrappedRunnable.run()V+1
j  org.apache.cassandra.db.compaction.CompactionTask.executeInternal(Lorg/apache/cassandra/db/compaction/CompactionManager$CompactionExecutorStatsCollector;)I+6
j  org.apache.cassandra.db.compaction.AbstractCompactionTask.execute(Lorg/apache/cassandra/db/compaction/CompactionManager$CompactionExecutorStatsCollector;)I+2
j  org.apache.cassandra.db.compaction.CompactionManager$BackgroundCompactionCandidate.run()V+128
J 2680 C1 java.util.concurrent.Executors$RunnableAdapter.call()Ljava/lang/Object; (14 bytes) @ 0x00000001136b7694 [0x00000001136b7580+0x114]
j  java.util.concurrent.FutureTask.run()V+42
j  java.util.concurrent.ThreadPoolExecutor.runWorker(Ljava/util/concurrent/ThreadPoolExecutor$Worker;)V+95
j  java.util.concurrent.ThreadPoolExecutor$Worker.run()V+5
j  org.apache.cassandra.concurrent.NamedThreadFactory.lambda$threadLocalDeallocator$0(Ljava/lang/Runnable;)V+1
j  org.apache.cassandra.concurrent.NamedThreadFactory$$Lambda$5.run()V+4
j  java.lang.Thread.run()V+11
v  ~StubRoutines::call_stub
V  [libjvm.dylib+0x2ccedb]  JavaCalls::call_helper(JavaValue*, methodHandle*, JavaCallArguments*, Thread*)+0x689
V  [libjvm.dylib+0x2cbd4e]  JavaCalls::call_virtual(JavaValue*, KlassHandle, Symbol*, Symbol*, JavaCallArguments*, Thread*)+0x148
V  [libjvm.dylib+0x2cbf2f]  JavaCalls::call_virtual(JavaValue*, Handle, KlassHandle, Symbol*, Symbol*, Thread*)+0x57
V  [libjvm.dylib+0x347a29]  thread_entry(JavaThread*, Thread*)+0x78
V  [libjvm.dylib+0x54db2c]  JavaThread::thread_main_inner()+0x82
V  [libjvm.dylib+0x54d9f1]  JavaThread::run()+0x169
V  [libjvm.dylib+0x484577]  java_start(Thread*)+0xfa
C  [libsystem_pthread.dylib+0x6109]  _pthread_start+0x94
C  [libsystem_pthread.dylib+0x1b8b]  thread_start+0xf
C  0x0000000000000000

Java frames: (J=compiled Java code, j=interpreted, Vv=VM code)
j  sun.misc.Unsafe.getByte(Ljava/lang/Object;J)B+0
j  org.apache.cassandra.utils.FastByteOperations$UnsafeOperations.compareTo(Ljava/lang/Object;JILjava/lang/Object;JI)I+117
j  org.apache.cassandra.utils.FastByteOperations$UnsafeOperations.compareTo(Ljava/lang/Object;JILjava/nio/ByteBuffer;)I+84
j  org.apache.cassandra.utils.FastByteOperations$UnsafeOperations.compareTo(Ljava/nio/ByteBuffer;Ljava/nio/ByteBuffer;)I+57
j  org.apache.cassandra.utils.FastByteOperations$UnsafeOperations.compare(Ljava/nio/ByteBuffer;Ljava/nio/ByteBuffer;)I+2
j  org.apache.cassandra.utils.FastByteOperations.compareUnsigned(Ljava/nio/ByteBuffer;Ljava/nio/ByteBuffer;)I+5
j  org.apache.cassandra.utils.ByteBufferUtil.compareUnsigned(Ljava/nio/ByteBuffer;Ljava/nio/ByteBuffer;)I+2
j  org.apache.cassandra.db.DecoratedKey.compareTo(Lorg/apache/cassandra/dht/IPartitioner;Ljava/nio/ByteBuffer;Lorg/apache/cassandra/db/PartitionPosition;)I+53
j  org.apache.cassandra.io.sstable.IndexSummary.binarySearch(Lorg/apache/cassandra/db/PartitionPosition;)I+54
j  org.apache.cassandra.io.sstable.format.SSTableReader.getIndexScanPosition(Lorg/apache/cassandra/db/PartitionPosition;)J+33
j  org.apache.cassandra.io.sstable.format.big.BigTableScanner.seekToCurrentRangeStart()V+14
j  org.apache.cassandra.io.sstable.format.big.BigTableScanner.access$400(Lorg/apache/cassandra/io/sstable/format/big/BigTableScanner;)V+1
j  org.apache.cassandra.io.sstable.format.big.BigTableScanner$KeyScanningIterator.computeNext()Lorg/apache/cassandra/db/rows/UnfilteredRowIterator;+105
j  org.apache.cassandra.io.sstable.format.big.BigTableScanner$KeyScanningIterator.computeNext()Ljava/lang/Object;+1
j  org.apache.cassandra.utils.AbstractIterator.hasNext()Z+45
j  org.apache.cassandra.io.sstable.format.big.BigTableScanner.hasNext()Z+19
j  org.apache.cassandra.utils.MergeIterator$Candidate.advance()Lorg/apache/cassandra/utils/MergeIterator$Candidate;+21
j  org.apache.cassandra.utils.MergeIterator$ManyToOne.advance()V+27
j  org.apache.cassandra.utils.MergeIterator$ManyToOne.computeNext()Ljava/lang/Object;+1
j  org.apache.cassandra.utils.AbstractIterator.hasNext()Z+45
j  org.apache.cassandra.db.partitions.UnfilteredPartitionIterators$2.hasNext()Z+4
j  org.apache.cassandra.db.transform.BasePartitions.hasNext()Z+49
j  org.apache.cassandra.db.compaction.CompactionIterator.hasNext()Z+4
j  org.apache.cassandra.db.compaction.CompactionTask.runMayThrow()V+456
j  org.apache.cassandra.utils.WrappedRunnable.run()V+1
j  org.apache.cassandra.db.compaction.CompactionTask.executeInternal(Lorg/apache/cassandra/db/compaction/CompactionManager$CompactionExecutorStatsCollector;)I+6
j  org.apache.cassandra.db.compaction.AbstractCompactionTask.execute(Lorg/apache/cassandra/db/compaction/CompactionManager$CompactionExecutorStatsCollector;)I+2
j  org.apache.cassandra.db.compaction.CompactionManager$BackgroundCompactionCandidate.run()V+128
J 2680 C1 java.util.concurrent.Executors$RunnableAdapter.call()Ljava/lang/Object; (14 bytes) @ 0x00000001136b7694 [0x00000001136b7580+0x114]
j  java.util.concurrent.FutureTask.run()V+42
j  java.util.concurrent.ThreadPoolExecutor.runWorker(Ljava/util/concurrent/ThreadPoolExecutor$Worker;)V+95
j  java.util.concurrent.ThreadPoolExecutor$Worker.run()V+5
j  org.apache.cassandra.concurrent.NamedThreadFactory.lambda$threadLocalDeallocator$0(Ljava/lang/Runnable;)V+1
j  org.apache.cassandra.concurrent.NamedThreadFactory$$Lambda$5.run()V+4
j  java.lang.Thread.run()V+11
v  ~StubRoutines::call_stub

---------------  P R O C E S S  ---------------

Java Threads: ( => current thread )
  0x00007fb990270200 JavaThread "LocalPool-Cleaner" daemon [_thread_blocked, id=27139, stack(0x00007000084b1000,0x00007000084f1000)]
  0x00007fb98b7fd000 JavaThread "NonPeriodicTasks:1" daemon [_thread_blocked, id=37891, stack(0x000070000846e000,0x00007000084ae000)]
  0x00007fb98cd5b000 JavaThread "CacheCleanupExecutor:1" daemon [_thread_blocked, id=38403, stack(0x000070000842b000,0x000070000846b000)]
  0x00007fb98b3d2600 JavaThread "ValidationExecutor:1" daemon [_thread_blocked, id=26627, stack(0x00007000083e8000,0x0000700008428000)]
=>0x00007fb98cd5aa00 JavaThread "CompactionExecutor:2" daemon [_thread_in_vm, id=26115, stack(0x00007000083a5000,0x00007000083e5000)]
  0x00007fb98bfbac00 JavaThread "CompactionExecutor:1" daemon [_thread_blocked, id=39171, stack(0x0000700008362000,0x00007000083a2000)]
  0x00007fb98b3cc800 JavaThread "Reference-Reaper" daemon [_thread_blocked, id=25603, stack(0x000070000831f000,0x000070000835f000)]
  0x00007fb98d116a00 JavaThread "ScheduledFastTasks:1" daemon [_thread_blocked, id=39683, stack(0x00007000082dc000,0x000070000831c000)]
  0x00007fb98d049400 JavaThread "OptionalTasks:1" daemon [_thread_blocked, id=25091, stack(0x0000700008299000,0x00007000082d9000)]
  0x00007fb98d04a600 JavaThread "PERIODIC-COMMIT-LOG-SYNCER" [_thread_blocked, id=24835, stack(0x0000700008256000,0x0000700008296000)]
  0x00007fb98bdcf200 JavaThread "COMMIT-LOG-ALLOCATOR" [_thread_blocked, id=24327, stack(0x00007000081d0000,0x0000700008210000)]
  0x00007fb98bded400 JavaThread "SlabPoolCleaner" daemon [_thread_blocked, id=40451, stack(0x0000700008213000,0x0000700008253000)]
  0x00007fb98c8b2e00 JavaThread "SecondaryIndexManagement:1" daemon [_thread_blocked, id=40707, stack(0x000070000818d000,0x00007000081cd000)]
  0x00007fb98ca0ac00 JavaThread "MemtableReclaimMemory:1" daemon [_thread_blocked, id=41219, stack(0x000070000814a000,0x000070000818a000)]
  0x00007fb98b272400 JavaThread "MemtablePostFlush:1" daemon [_thread_blocked, id=41731, stack(0x0000700008107000,0x0000700008147000)]
  0x00007fb98b271e00 JavaThread "PerDiskMemtableFlushWriter_0:2" daemon [_thread_blocked, id=41987, stack(0x00007000080c4000,0x0000700008104000)]
  0x00007fb98b271800 JavaThread "PerDiskMemtableFlushWriter_0:1" daemon [_thread_blocked, id=23299, stack(0x0000700008081000,0x00007000080c1000)]
  0x00007fb98b3eb200 JavaThread "MemtableFlushWriter:2" daemon [_thread_blocked, id=42243, stack(0x000070000803e000,0x000070000807e000)]
  0x00007fb98b3eac00 JavaThread "MemtableFlushWriter:1" daemon [_thread_blocked, id=22787, stack(0x0000700007ffb000,0x000070000803b000)]
  0x00007fb98b308a00 JavaThread "RMI TCP Accept-0" daemon [_thread_in_native, id=22531, stack(0x0000700007fb8000,0x0000700007ff8000)]
  0x00007fb98b354800 JavaThread "EXPIRING-MAP-REAPER:1" daemon [_thread_blocked, id=22275, stack(0x0000700007f75000,0x0000700007fb5000)]
  0x00007fb98c8e3200 JavaThread "RMI TCP Accept-7199" daemon [_thread_in_native, id=43267, stack(0x0000700007f32000,0x0000700007f72000)]
  0x00007fb98c8c5c00 JavaThread "ScheduledTasks:1" daemon [_thread_blocked, id=14595, stack(0x0000700007eef000,0x0000700007f2f000)]
  0x00007fb98bb4ba00 JavaThread "AsyncAppender-Worker-ASYNCDEBUGLOG" daemon [_thread_blocked, id=19207, stack(0x0000700007997000,0x00007000079d7000)]
  0x00007fb98b955400 JavaThread "Service Thread" daemon [_thread_blocked, id=15875, stack(0x0000700007da9000,0x0000700007de9000)]
  0x00007fb98b922e00 JavaThread "C1 CompilerThread2" daemon [_thread_blocked, id=14339, stack(0x0000700007ca6000,0x0000700007da6000)]
  0x00007fb98d044e00 JavaThread "C2 CompilerThread1" daemon [_thread_in_native, id=16643, stack(0x0000700007ba3000,0x0000700007ca3000)]
  0x00007fb98b09b200 JavaThread "C2 CompilerThread0" daemon [_thread_in_native, id=14083, stack(0x0000700007aa0000,0x0000700007ba0000)]
  0x00007fb98b049c00 JavaThread "Signal Dispatcher" daemon [_thread_blocked, id=17411, stack(0x0000700007a5d000,0x0000700007a9d000)]
  0x00007fb98d02c800 JavaThread "Surrogate Locker Thread (Concurrent GC)" daemon [_thread_blocked, id=18179, stack(0x0000700007a1a000,0x0000700007a5a000)]
  0x00007fb98c811800 JavaThread "Finalizer" daemon [_thread_blocked, id=12291, stack(0x00007000078d1000,0x0000700007911000)]
  0x00007fb98c811200 JavaThread "Reference Handler" daemon [_thread_blocked, id=12035, stack(0x000070000788e000,0x00007000078ce000)]
  0x00007fb98b008c00 JavaThread "main" [_thread_blocked, id=8451, stack(0x0000700007239000,0x0000700007279000)]

Other Threads:
  0x00007fb98ad143d0 VMThread [stack: 0x000070000778b000,0x000070000788b000] [id=11523]
  0x00007fb98ad21ac0 WatcherThread [stack: 0x0000700007dec000,0x0000700007eec000] [id=15363]

VM state:synchronizing (normal execution)

VM Mutex/Monitor currently owned by a thread:  ([mutex/lock_event])
[0x00007fb98ac0f5f0] Threads_lock - owner thread: 0x00007fb98ad143d0

heap address: 0x0000000780000000, size: 1024 MB, Compressed Oops mode: Zero based, Oop shift amount: 3
Narrow klass base: 0x0000000000000000, Narrow klass shift: 3
Compressed class space size: 1073741824 Address: 0x00000007c0000000

Heap:
 par new generation   total 235968K, used 143180K [0x0000000780000000, 0x0000000790000000, 0x0000000790000000)
  eden space 209792K,  60% used [0x0000000780000000, 0x0000000787cce018, 0x000000078cce0000)
  from space 26176K,  58% used [0x000000078cce0000, 0x000000078dbe50a0, 0x000000078e670000)
  to   space 26176K,   0% used [0x000000078e670000, 0x000000078e670000, 0x0000000790000000)
 concurrent mark-sweep generation total 786432K, used 7776K [0x0000000790000000, 0x00000007c0000000, 0x00000007c0000000)
 Metaspace       used 33698K, capacity 34388K, committed 34724K, reserved 1079296K
  class space    used 4772K, capacity 4967K, committed 5064K, reserved 1048576K

Card table byte_map: [0x000000010b960000,0x000000010bb61000] byte_map_base: 0x0000000107d60000

Marking Bits: (CMSBitMap*) 0x00007fb98d008548
 Bits: [0x000000010bce2000, 0x000000010c8e2000)

Mod Union Table: (CMSBitMap*) 0x00007fb98d008608
 Bits: [0x000000010a29e000, 0x000000010a2ce000)

Polling page: 0x000000010a261000

CodeCache: size=245760Kb used=9256Kb max_used=9256Kb free=236503Kb
 bounds [0x0000000112e4c000, 0x000000011375c000, 0x0000000121e4c000]
 total_blobs=3396 nmethods=2875 adapters=433
 compilation: enabled

Compilation events (10 events):
Event: 24.305 Thread 0x00007fb98b922e00 nmethod 2874 0x0000000113751fd0 code [0x0000000113752120, 0x0000000113752230]
Event: 24.305 Thread 0x00007fb98b922e00 2875       3       org.apache.cassandra.io.sstable.Descriptor::baseFilename (33 bytes)
Event: 24.306 Thread 0x00007fb98b922e00 nmethod 2875 0x0000000113752290 code [0x00000001137524c0, 0x0000000113753208]
Event: 24.306 Thread 0x00007fb98b922e00 2876       3       java.nio.channels.spi.AbstractInterruptibleChannel::blockedOn (13 bytes)
Event: 24.307 Thread 0x00007fb98b922e00 nmethod 2876 0x0000000113753990 code [0x0000000113753b20, 0x0000000113753f70]
Event: 24.307 Thread 0x00007fb98b922e00 2877       3       java.lang.System$2::blockedOn (6 bytes)
Event: 24.307 Thread 0x00007fb98b922e00 nmethod 2877 0x0000000113754190 code [0x0000000113754300, 0x0000000113754650]
Event: 24.307 Thread 0x00007fb98b922e00 2878       3       java.util.ArrayList::toArray (12 bytes)
Event: 24.308 Thread 0x00007fb98b922e00 nmethod 2878 0x0000000113754790 code [0x0000000113754900, 0x0000000113754b88]
Event: 24.311 Thread 0x00007fb98b922e00 2879       3       java.nio.Buffer::checkBounds (25 bytes)

GC Heap History (4 events):
Event: 21.016 GC heap before
{Heap before GC invocations=0 (full 0):
 par new generation   total 235968K, used 209792K [0x0000000780000000, 0x0000000790000000, 0x0000000790000000)
  eden space 209792K, 100% used [0x0000000780000000, 0x000000078cce0000, 0x000000078cce0000)
  from space 26176K,   0% used [0x000000078cce0000, 0x000000078cce0000, 0x000000078e670000)
  to   space 26176K,   0% used [0x000000078e670000, 0x000000078e670000, 0x0000000790000000)
 concurrent mark-sweep generation total 786432K, used 0K [0x0000000790000000, 0x00000007c0000000, 0x00000007c0000000)
 Metaspace       used 25829K, capacity 26250K, committed 26532K, reserved 1073152K
  class space    used 3069K, capacity 3193K, committed 3196K, reserved 1048576K
Event: 21.083 GC heap after
Heap after GC invocations=1 (full 0):
 par new generation   total 235968K, used 26175K [0x0000000780000000, 0x0000000790000000, 0x0000000790000000)
  eden space 209792K,   0% used [0x0000000780000000, 0x0000000780000000, 0x000000078cce0000)
  from space 26176K,  99% used [0x000000078e670000, 0x000000078ffffff0, 0x0000000790000000)
  to   space 26176K,   0% used [0x000000078cce0000, 0x000000078cce0000, 0x000000078e670000)
 concurrent mark-sweep generation total 786432K, used 924K [0x0000000790000000, 0x00000007c0000000, 0x00000007c0000000)
 Metaspace       used 25829K, capacity 26250K, committed 26532K, reserved 1073152K
  class space    used 3069K, capacity 3193K, committed 3196K, reserved 1048576K
}
Event: 22.229 GC heap before
{Heap before GC invocations=1 (full 1):
 par new generation   total 235968K, used 235967K [0x0000000780000000, 0x0000000790000000, 0x0000000790000000)
  eden space 209792K, 100% used [0x0000000780000000, 0x000000078cce0000, 0x000000078cce0000)
  from space 26176K,  99% used [0x000000078e670000, 0x000000078ffffff0, 0x0000000790000000)
  to   space 26176K,   0% used [0x000000078cce0000, 0x000000078cce0000, 0x000000078e670000)
 concurrent mark-sweep generation total 786432K, used 924K [0x0000000790000000, 0x00000007c0000000, 0x00000007c0000000)
 Metaspace       used 26907K, capacity 27360K, committed 27760K, reserved 1073152K
  class space    used 3204K, capacity 3370K, committed 3400K, reserved 1048576K
Event: 22.294 GC heap after
Heap after GC invocations=2 (full 1):
 par new generation   total 235968K, used 15380K [0x0000000780000000, 0x0000000790000000, 0x0000000790000000)
  eden space 209792K,   0% used [0x0000000780000000, 0x0000000780000000, 0x000000078cce0000)
  from space 26176K,  58% used [0x000000078cce0000, 0x000000078dbe50a0, 0x000000078e670000)
  to   space 26176K,   0% used [0x000000078e670000, 0x000000078e670000, 0x0000000790000000)
 concurrent mark-sweep generation total 786432K, used 7776K [0x0000000790000000, 0x00000007c0000000, 0x00000007c0000000)
 Metaspace       used 26907K, capacity 27360K, committed 27760K, reserved 1073152K
  class space    used 3204K, capacity 3370K, committed 3400K, reserved 1048576K
}

Deoptimization events (10 events):
Event: 23.247 Thread 0x00007fb98b008c00 Uncommon trap: reason=unstable_if action=reinterpret pc=0x00000001135ee310 method=java.nio.Buffer.<init>(IIII)V @ 66
Event: 23.284 Thread 0x00007fb98b3eac00 Uncommon trap: reason=class_check action=maybe_recompile pc=0x00000001134e7f78 method=java.util.Collections$SetFromMap.add(Ljava/lang/Object;)Z @ 8
Event: 23.354 Thread 0x00007fb98b3eac00 Uncommon trap: reason=unstable_if action=reinterpret pc=0x00000001134ae9b8 method=java.util.ArrayDeque.isEmpty()Z @ 8
Event: 23.665 Thread 0x00007fb98b3eac00 Uncommon trap: reason=class_check action=maybe_recompile pc=0x00000001134dd4d0 method=java.lang.reflect.Field.get(Ljava/lang/Object;)Ljava/lang/Object; @ 45
Event: 23.892 Thread 0x00007fb98b3eac00 Uncommon trap: reason=class_check action=maybe_recompile pc=0x00000001134e7f78 method=java.util.Collections$SetFromMap.add(Ljava/lang/Object;)Z @ 8
Event: 23.905 Thread 0x00007fb98b3eac00 Uncommon trap: reason=class_check action=maybe_recompile pc=0x00000001134e7f78 method=java.util.Collections$SetFromMap.add(Ljava/lang/Object;)Z @ 8
Event: 23.905 Thread 0x00007fb98b3eac00 Uncommon trap: reason=class_check action=maybe_recompile pc=0x00000001134e7f78 method=java.util.Collections$SetFromMap.add(Ljava/lang/Object;)Z @ 8
Event: 24.112 Thread 0x00007fb98b3eac00 Uncommon trap: reason=unstable_if action=reinterpret pc=0x0000000113655524 method=com.sun.jmx.mbeanserver.Introspector.findMBeanInterface(Ljava/lang/Class;Ljava/lang/String;)Ljava/lang/Class; @ 22
Event: 24.112 Thread 0x00007fb98b3eac00 Uncommon trap: reason=unstable_if action=reinterpret pc=0x00000001136539e4 method=com.sun.jmx.mbeanserver.Introspector.findMBeanInterface(Ljava/lang/Class;Ljava/lang/String;)Ljava/lang/Class; @ 22
Event: 24.181 Thread 0x00007fb98b3eb200 Uncommon trap: reason=unstable_if action=reinterpret pc=0x00000001134a43c4 method=java.lang.Long.compare(JJ)I @ 13

Classes redefined (0 events):
No events

Internal exceptions (10 events):
Event: 7.998 Thread 0x00007fb98b008c00 Exception <a 'sun/nio/fs/UnixException'> (0x00000007837172b8) thrown at [/private/tmp/openjdk@8-20201116-57355-gyhtg9/jdk8u275-ga/hotspot/src/share/vm/prims/jni.cpp, line 711]
Event: 7.998 Thread 0x00007fb98b008c00 Exception <a 'sun/nio/fs/UnixException'> (0x0000000783718418) thrown at [/private/tmp/openjdk@8-20201116-57355-gyhtg9/jdk8u275-ga/hotspot/src/share/vm/prims/jni.cpp, line 711]
Event: 13.795 Thread 0x00007fb98b008c00 Exception <a 'java/lang/ClassNotFoundException': javax/management/remote/rmi/RMIServerImpl_Skel> (0x0000000784f7eff8) thrown at [/private/tmp/openjdk@8-20201116-57355-gyhtg9/jdk8u275-ga/hotspot/src/share/vm/classfile/systemDictionary.cpp, line 217]
Event: 19.152 Thread 0x00007fb98b008c00 Exception <a 'com/sun/jna/LastErrorException': [78] Function not implemented> (0x0000000786b04018) thrown at [/private/tmp/openjdk@8-20201116-57355-gyhtg9/jdk8u275-ga/hotspot/src/share/vm/prims/jni.cpp, line 738]
Event: 19.193 Thread 0x00007fb98b008c00 Exception <a 'java/lang/UnsatisfiedLinkError': org.hyperic.sigar.Sigar.open()V> (0x0000000786bf8bf0) thrown at [/private/tmp/openjdk@8-20201116-57355-gyhtg9/jdk8u275-ga/hotspot/src/share/vm/prims/nativeLookup.cpp, line 506]
Event: 19.198 Thread 0x00007fb98b008c00 Exception <a 'java/lang/UnsatisfiedLinkError': org.hyperic.sigar.Sigar.getFileSystemListNative()[Lorg/hyperic/sigar/FileSystem;> (0x0000000786c00c80) thrown at [/private/tmp/openjdk@8-20201116-57355-gyhtg9/jdk8u275-ga/hotspot/src/share/vm/prims/nativeLook
Event: 19.868 Thread 0x00007fb98b008c00 Exception <a 'java/lang/NoSuchMethodError': java.lang.Object.lambda$static$0(Ljava/lang/Object;Ljava/lang/Object;)Ljava/lang/Object;> (0x0000000787c72ba8) thrown at [/private/tmp/openjdk@8-20201116-57355-gyhtg9/jdk8u275-ga/hotspot/src/share/vm/interpreter
Event: 20.288 Thread 0x00007fb98b008c00 Exception <a 'java/lang/NoSuchMethodError': java.lang.Object.lambda$isEqual$3(Ljava/lang/Object;Ljava/lang/Object;)Z> (0x00000007885e4f38) thrown at [/private/tmp/openjdk@8-20201116-57355-gyhtg9/jdk8u275-ga/hotspot/src/share/vm/interpreter/linkResolver.cp
Event: 21.896 Thread 0x00007fb98b008c00 Implicit null exception at 0x00000001134d8854 to 0x00000001134d8891
Event: 22.737 Thread 0x00007fb98b008c00 Exception <a 'java/lang/NoSuchMethodError': java.lang.Object.lambda$static$0(JI)Z> (0x0000000781ee14c0) thrown at [/private/tmp/openjdk@8-20201116-57355-gyhtg9/jdk8u275-ga/hotspot/src/share/vm/interpreter/linkResolver.cpp, line 620]

Events (10 events):
Event: 24.296 loading class org/apache/cassandra/utils/memory/BufferPool$LocalPoolRef
Event: 24.296 loading class org/apache/cassandra/utils/memory/BufferPool$LocalPoolRef done
Event: 24.302 loading class com/clearspring/analytics/stream/cardinality/HyperLogLogPlus$Builder
Event: 24.302 loading class com/clearspring/analytics/stream/cardinality/HyperLogLogPlus$Builder done
Event: 24.303 loading class com/clearspring/analytics/util/IBuilder
Event: 24.303 loading class com/clearspring/analytics/util/IBuilder done
Event: 24.306 loading class org/apache/cassandra/io/sstable/SSTableRewriter
Event: 24.306 loading class org/apache/cassandra/io/sstable/SSTableRewriter done
Event: 24.309 loading class org/apache/cassandra/io/sstable/format/big/BigTableScanner$KeyScanningIterator
Event: 24.309 loading class org/apache/cassandra/io/sstable/format/big/BigTableScanner$KeyScanningIterator done


Dynamic libraries:
0x00007fff2fb24000 	/System/Library/Frameworks/Cocoa.framework/Versions/A/Cocoa
0x00007fff3d31b000 	/System/Library/Frameworks/Security.framework/Versions/A/Security
0x00007fff2ea89000 	/System/Library/Frameworks/ApplicationServices.framework/Versions/A/ApplicationServices
0x00007fff69fd3000 	/usr/lib/libz.1.dylib
0x00007fff67a99000 	/usr/lib/libSystem.B.dylib
0x00007fff309c6000 	/System/Library/Frameworks/CoreFoundation.framework/Versions/A/CoreFoundation
0x00007fff33083000 	/System/Library/Frameworks/Foundation.framework/Versions/C/Foundation
0x00007fff698f7000 	/usr/lib/libobjc.A.dylib
0x00007fff2dc79000 	/System/Library/Frameworks/AppKit.framework/Versions/C/AppKit
0x00007fff304a8000 	/System/Library/Frameworks/CoreData.framework/Versions/A/CoreData
0x00007fff61aad000 	/System/Library/PrivateFrameworks/UIFoundation.framework/Versions/A/UIFoundation
0x00007fff5cb41000 	/System/Library/PrivateFrameworks/RemoteViewServices.framework/Versions/A/RemoteViewServices
0x00007fff64609000 	/System/Library/PrivateFrameworks/XCTTargetBootstrap.framework/Versions/A/XCTTargetBootstrap
0x00007fff30893000 	/System/Library/Frameworks/CoreDisplay.framework/Versions/A/CoreDisplay
0x00007fff35f3d000 	/System/Library/Frameworks/Metal.framework/Versions/A/Metal
0x00007fff4ab33000 	/System/Library/PrivateFrameworks/DesktopServicesPriv.framework/Versions/A/DesktopServicesPriv
0x00007fff68bd2000 	/usr/lib/liblangid.dylib
0x00007fff49dc8000 	/System/Library/PrivateFrameworks/CoreSVG.framework/Versions/A/CoreSVG
0x00007fff5fc9d000 	/System/Library/PrivateFrameworks/SkyLight.framework/Versions/A/SkyLight
0x00007fff30e47000 	/System/Library/Frameworks/CoreGraphics.framework/Versions/A/CoreGraphics
0x00007fff2c64d000 	/System/Library/Frameworks/Accelerate.framework/Versions/A/Accelerate
0x00007fff69ec4000 	/usr/lib/libxml2.2.dylib
0x00007fff55ad6000 	/System/Library/PrivateFrameworks/IconServices.framework/Versions/A/IconServices
0x00007fff33862000 	/System/Library/Frameworks/IOSurface.framework/Versions/A/IOSurface
0x00007fff675c3000 	/usr/lib/libDiagnosticMessagesClient.dylib
0x00007fff4a98d000 	/System/Library/PrivateFrameworks/DFRFoundation.framework/Versions/A/DFRFoundation
0x00007fff68963000 	/usr/lib/libicucore.A.dylib
0x00007fff2edbb000 	/System/Library/Frameworks/AudioToolbox.framework/Versions/A/AudioToolbox
0x00007fff2ee9e000 	/System/Library/Frameworks/AudioUnit.framework/Versions/A/AudioUnit
0x00007fff67c9b000 	/usr/lib/libauto.dylib
0x00007fff4aa2f000 	/System/Library/PrivateFrameworks/DataDetectorsCore.framework/Versions/A/DataDetectorsCore
0x00007fff2f645000 	/System/Library/Frameworks/Carbon.framework/Versions/A/Frameworks/HIToolbox.framework/Versions/A/HIToolbox
0x00007fff3c515000 	/System/Library/Frameworks/QuartzCore.framework/Versions/A/QuartzCore
0x00007fff2f984000 	/System/Library/Frameworks/Carbon.framework/Versions/A/Frameworks/SpeechRecognition.framework/Versions/A/SpeechRecognition
0x00007fff4a4a1000 	/System/Library/PrivateFrameworks/CoreUI.framework/Versions/A/CoreUI
0x00007fff2ff13000 	/System/Library/Frameworks/CoreAudio.framework/Versions/A/CoreAudio
0x00007fff32d42000 	/System/Library/Frameworks/DiskArbitration.framework/Versions/A/DiskArbitration
0x00007fff57b26000 	/System/Library/PrivateFrameworks/MultitouchSupport.framework/Versions/A/MultitouchSupport
0x00007fff6882a000 	/usr/lib/libenergytrace.dylib
0x00007fff337bc000 	/System/Library/Frameworks/IOKit.framework/Versions/A/IOKit
0x00007fff31dae000 	/System/Library/Frameworks/CoreServices.framework/Versions/A/CoreServices
0x00007fff59cd4000 	/System/Library/PrivateFrameworks/PerformanceAnalysis.framework/Versions/A/PerformanceAnalysis
0x00007fff3b548000 	/System/Library/Frameworks/OpenGL.framework/Versions/A/OpenGL
0x00007fff2fb32000 	/System/Library/Frameworks/ColorSync.framework/Versions/A/ColorSync
0x00007fff314ca000 	/System/Library/Frameworks/CoreImage.framework/Versions/A/CoreImage
0x00007fff32821000 	/System/Library/Frameworks/CoreText.framework/Versions/A/CoreText
0x00007fff338f2000 	/System/Library/Frameworks/ImageIO.framework/Versions/A/ImageIO
0x00007fff67d7f000 	/usr/lib/libc++.1.dylib
0x00007fff67dfb000 	/usr/lib/libcompression.dylib
0x00007fff67907000 	/usr/lib/libMobileGestalt.dylib
0x00007fff61817000 	/System/Library/PrivateFrameworks/TextureIO.framework/Versions/A/TextureIO
0x00007fff67bfe000 	/usr/lib/libate.dylib
0x00007fff55cdf000 	/System/Library/PrivateFrameworks/InternationalSupport.framework/Versions/A/InternationalSupport
0x00007fff6a894000 	/usr/lib/system/libcache.dylib
0x00007fff6a89a000 	/usr/lib/system/libcommonCrypto.dylib
0x00007fff6a8a6000 	/usr/lib/system/libcompiler_rt.dylib
0x00007fff6a8ae000 	/usr/lib/system/libcopyfile.dylib
0x00007fff6a8b8000 	/usr/lib/system/libcorecrypto.dylib
0x00007fff6aa57000 	/usr/lib/system/libdispatch.dylib
0x00007fff6aa98000 	/usr/lib/system/libdyld.dylib
0x00007fff6aacf000 	/usr/lib/system/libkeymgr.dylib
0x00007fff6aadd000 	/usr/lib/system/liblaunch.dylib
0x00007fff6aade000 	/usr/lib/system/libmacho.dylib
0x00007fff6aae4000 	/usr/lib/system/libquarantine.dylib
0x00007fff6aae7000 	/usr/lib/system/libremovefile.dylib
0x00007fff6aae9000 	/usr/lib/system/libsystem_asl.dylib
0x00007fff6ab01000 	/usr/lib/system/libsystem_blocks.dylib
0x00007fff6ab02000 	/usr/lib/system/libsystem_c.dylib
0x00007fff6ab8a000 	/usr/lib/system/libsystem_configuration.dylib
0x00007fff6ab8e000 	/usr/lib/system/libsystem_coreservices.dylib
0x00007fff6ab92000 	/usr/lib/system/libsystem_darwin.dylib
0x00007fff6ab9b000 	/usr/lib/system/libsystem_dnssd.dylib
0x00007fff6aba3000 	/usr/lib/system/libsystem_featureflags.dylib
0x00007fff6aba5000 	/usr/lib/system/libsystem_info.dylib
0x00007fff6ac20000 	/usr/lib/system/libsystem_m.dylib
0x00007fff6ac68000 	/usr/lib/system/libsystem_malloc.dylib
0x00007fff6ac90000 	/usr/lib/system/libsystem_networkextension.dylib
0x00007fff6ac9e000 	/usr/lib/system/libsystem_notify.dylib
0x00007fff6acbc000 	/usr/lib/system/libsystem_sandbox.dylib
0x00007fff6acc1000 	/usr/lib/system/libsystem_secinit.dylib
0x00007fff6abf3000 	/usr/lib/system/libsystem_kernel.dylib
0x00007fff6aca8000 	/usr/lib/system/libsystem_platform.dylib
0x00007fff6acb1000 	/usr/lib/system/libsystem_pthread.dylib
0x00007fff6acc4000 	/usr/lib/system/libsystem_symptoms.dylib
0x00007fff6accc000 	/usr/lib/system/libsystem_trace.dylib
0x00007fff6ace4000 	/usr/lib/system/libunwind.dylib
0x00007fff6acea000 	/usr/lib/system/libxpc.dylib
0x00007fff67dd2000 	/usr/lib/libc++abi.dylib
0x00007fff68bd4000 	/usr/lib/liblzma.5.dylib
0x00007fff68851000 	/usr/lib/libfakelink.dylib
0x00007fff67b8b000 	/usr/lib/libarchive.2.dylib
0x00007fff3e3cc000 	/System/Library/Frameworks/SystemConfiguration.framework/Versions/A/SystemConfiguration
0x00007fff674f6000 	/usr/lib/libCRFSuite.dylib
0x00007fff2f235000 	/System/Library/Frameworks/CFNetwork.framework/Versions/A/CFNetwork
0x00007fff67d61000 	/usr/lib/libbsm.0.dylib
0x00007fff6aad0000 	/usr/lib/system/libkxld.dylib
0x00007fff44309000 	/System/Library/PrivateFrameworks/AppleFSCompression.framework/Versions/A/AppleFSCompression
0x00007fff680ec000 	/usr/lib/libcoretls.dylib
0x00007fff68103000 	/usr/lib/libcoretls_cfhelpers.dylib
0x00007fff6993d000 	/usr/lib/libpam.2.dylib
0x00007fff69a72000 	/usr/lib/libsqlite3.dylib
0x00007fff69eb1000 	/usr/lib/libxar.1.dylib
0x00007fff67d72000 	/usr/lib/libbz2.1.0.dylib
0x00007fff68872000 	/usr/lib/libiconv.2.dylib
0x00007fff67de8000 	/usr/lib/libcharset.1.dylib
0x00007fff693da000 	/usr/lib/libnetwork.dylib
0x00007fff69944000 	/usr/lib/libpcap.A.dylib
0x00007fff67b40000 	/usr/lib/libapple_nghttp2.dylib
0x00007fff32165000 	/System/Library/Frameworks/CoreServices.framework/Versions/A/Frameworks/FSEvents.framework/Versions/A/FSEvents
0x00007fff31e35000 	/System/Library/Frameworks/CoreServices.framework/Versions/A/Frameworks/CarbonCore.framework/Versions/A/CarbonCore
0x00007fff323a9000 	/System/Library/Frameworks/CoreServices.framework/Versions/A/Frameworks/Metadata.framework/Versions/A/Metadata
0x00007fff32442000 	/System/Library/Frameworks/CoreServices.framework/Versions/A/Frameworks/OSServices.framework/Versions/A/OSServices
0x00007fff32470000 	/System/Library/Frameworks/CoreServices.framework/Versions/A/Frameworks/SearchKit.framework/Versions/A/SearchKit
0x00007fff31daf000 	/System/Library/Frameworks/CoreServices.framework/Versions/A/Frameworks/AE.framework/Versions/A/AE
0x00007fff3216e000 	/System/Library/Frameworks/CoreServices.framework/Versions/A/Frameworks/LaunchServices.framework/Versions/A/LaunchServices
0x00007fff32117000 	/System/Library/Frameworks/CoreServices.framework/Versions/A/Frameworks/DictionaryServices.framework/Versions/A/DictionaryServices
0x00007fff324d8000 	/System/Library/Frameworks/CoreServices.framework/Versions/A/Frameworks/SharedFileList.framework/Versions/A/SharedFileList
0x00007fff37367000 	/System/Library/Frameworks/NetFS.framework/Versions/A/NetFS
0x00007fff58056000 	/System/Library/PrivateFrameworks/NetAuth.framework/Versions/A/NetAuth
0x00007fff649d6000 	/System/Library/PrivateFrameworks/login.framework/Versions/A/Frameworks/loginsupport.framework/Versions/A/loginsupport
0x00007fff612e2000 	/System/Library/PrivateFrameworks/TCC.framework/Versions/A/TCC
0x00007fff48f3b000 	/System/Library/PrivateFrameworks/CoreNLP.framework/Versions/A/CoreNLP
0x00007fff57553000 	/System/Library/PrivateFrameworks/MetadataUtilities.framework/Versions/A/MetadataUtilities
0x00007fff68cac000 	/usr/lib/libmecabra.dylib
0x00007fff68c04000 	/usr/lib/libmecab.dylib
0x00007fff68862000 	/usr/lib/libgermantok.dylib
0x00007fff67b27000 	/usr/lib/libThaiTokenizer.dylib
0x00007fff6752d000 	/usr/lib/libChineseTokenizer.dylib
0x00007fff2c665000 	/System/Library/Frameworks/Accelerate.framework/Versions/A/Frameworks/vImage.framework/Versions/A/vImage
0x00007fff2dacf000 	/System/Library/Frameworks/Accelerate.framework/Versions/A/Frameworks/vecLib.framework/Versions/A/vecLib
0x00007fff2da0c000 	/System/Library/Frameworks/Accelerate.framework/Versions/A/Frameworks/vecLib.framework/Versions/A/libvMisc.dylib
0x00007fff2d834000 	/System/Library/Frameworks/Accelerate.framework/Versions/A/Frameworks/vecLib.framework/Versions/A/libvDSP.dylib
0x00007fff2ccbc000 	/System/Library/Frameworks/Accelerate.framework/Versions/A/Frameworks/vecLib.framework/Versions/A/libBLAS.dylib
0x00007fff2d3f8000 	/System/Library/Frameworks/Accelerate.framework/Versions/A/Frameworks/vecLib.framework/Versions/A/libLAPACK.dylib
0x00007fff2d794000 	/System/Library/Frameworks/Accelerate.framework/Versions/A/Frameworks/vecLib.framework/Versions/A/libLinearAlgebra.dylib
0x00007fff2d821000 	/System/Library/Frameworks/Accelerate.framework/Versions/A/Frameworks/vecLib.framework/Versions/A/libSparseBLAS.dylib
0x00007fff2d7aa000 	/System/Library/Frameworks/Accelerate.framework/Versions/A/Frameworks/vecLib.framework/Versions/A/libQuadrature.dylib
0x00007fff2cf24000 	/System/Library/Frameworks/Accelerate.framework/Versions/A/Frameworks/vecLib.framework/Versions/A/libBNNS.dylib
0x00007fff2d7b0000 	/System/Library/Frameworks/Accelerate.framework/Versions/A/Frameworks/vecLib.framework/Versions/A/libSparse.dylib
0x00007fff560c7000 	/System/Library/PrivateFrameworks/LanguageModeling.framework/Versions/A/LanguageModeling
0x00007fff488eb000 	/System/Library/PrivateFrameworks/CoreEmoji.framework/Versions/A/CoreEmoji
0x00007fff561e5000 	/System/Library/PrivateFrameworks/LinguisticData.framework/Versions/A/LinguisticData
0x00007fff56196000 	/System/Library/PrivateFrameworks/Lexicon.framework/Versions/A/Lexicon
0x00007fff67de9000 	/usr/lib/libcmph.dylib
0x00007fff39f56000 	/System/Library/Frameworks/OpenDirectory.framework/Versions/A/Frameworks/CFOpenDirectory.framework/Versions/A/CFOpenDirectory
0x00007fff39f73000 	/System/Library/Frameworks/OpenDirectory.framework/Versions/A/OpenDirectory
0x00007fff423b6000 	/System/Library/PrivateFrameworks/APFS.framework/Versions/A/APFS
0x00007fff3d665000 	/System/Library/Frameworks/SecurityFoundation.framework/Versions/A/SecurityFoundation
0x00007fff69ead000 	/usr/lib/libutil.dylib
0x00007fff49e20000 	/System/Library/PrivateFrameworks/CoreServicesStore.framework/Versions/A/CoreServicesStore
0x00007fff3d71c000 	/System/Library/Frameworks/ServiceManagement.framework/Versions/A/ServiceManagement
0x00007fff45ad9000 	/System/Library/PrivateFrameworks/BackgroundTaskManagement.framework/Versions/A/BackgroundTaskManagement
0x00007fff69faa000 	/usr/lib/libxslt.1.dylib
0x00007fff4497c000 	/System/Library/PrivateFrameworks/AppleSystemInfo.framework/Versions/A/AppleSystemInfo
0x00007fff33b0e000 	/System/Library/Frameworks/ImageIO.framework/Versions/A/Resources/libJPEG.dylib
0x00007fff33dcb000 	/System/Library/Frameworks/ImageIO.framework/Versions/A/Resources/libTIFF.dylib
0x00007fff33dae000 	/System/Library/Frameworks/ImageIO.framework/Versions/A/Resources/libPng.dylib
0x00007fff33a50000 	/System/Library/Frameworks/ImageIO.framework/Versions/A/Resources/libGIF.dylib
0x00007fff33a54000 	/System/Library/Frameworks/ImageIO.framework/Versions/A/Resources/libJP2.dylib
0x00007fff33dc9000 	/System/Library/Frameworks/ImageIO.framework/Versions/A/Resources/libRadiance.dylib
0x00007fff6882b000 	/usr/lib/libexpat.1.dylib
0x00007fff44464000 	/System/Library/PrivateFrameworks/AppleJPEG.framework/Versions/A/AppleJPEG
0x00007fff4d136000 	/System/Library/PrivateFrameworks/FontServices.framework/libFontParser.dylib
0x00007fff639d8000 	/System/Library/PrivateFrameworks/WatchdogClient.framework/Versions/A/WatchdogClient
0x00007fff55722000 	/System/Library/PrivateFrameworks/IOAccelerator.framework/Versions/A/IOAccelerator
0x00007fff362d8000 	/System/Library/Frameworks/MetalPerformanceShaders.framework/Versions/A/MetalPerformanceShaders
0x00007fff51eb2000 	/System/Library/PrivateFrameworks/GPUWrangler.framework/Versions/A/GPUWrangler
0x00007fff55737000 	/System/Library/PrivateFrameworks/IOPresentment.framework/Versions/A/IOPresentment
0x00007fff4a9a0000 	/System/Library/PrivateFrameworks/DSExternalDisplay.framework/Versions/A/DSExternalDisplay
0x00007fff3a8e7000 	/System/Library/Frameworks/OpenGL.framework/Versions/A/Libraries/libCoreFSCache.dylib
0x00007fff36024000 	/System/Library/Frameworks/MetalPerformanceShaders.framework/Frameworks/MPSCore.framework/Versions/A/MPSCore
0x00007fff36062000 	/System/Library/Frameworks/MetalPerformanceShaders.framework/Frameworks/MPSImage.framework/Versions/A/MPSImage
0x00007fff36129000 	/System/Library/Frameworks/MetalPerformanceShaders.framework/Frameworks/MPSNeuralNetwork.framework/Versions/A/MPSNeuralNetwork
0x00007fff360ed000 	/System/Library/Frameworks/MetalPerformanceShaders.framework/Frameworks/MPSMatrix.framework/Versions/A/MPSMatrix
0x00007fff36288000 	/System/Library/Frameworks/MetalPerformanceShaders.framework/Frameworks/MPSRayIntersector.framework/Versions/A/MPSRayIntersector
0x00007fff36113000 	/System/Library/Frameworks/MetalPerformanceShaders.framework/Frameworks/MPSNDArray.framework/Versions/A/MPSNDArray
0x00007fff575a0000 	/System/Library/PrivateFrameworks/MetalTools.framework/Versions/A/MetalTools
0x00007fff43590000 	/System/Library/PrivateFrameworks/AggregateDictionary.framework/Versions/A/AggregateDictionary
0x00007fff48333000 	/System/Library/PrivateFrameworks/CoreAnalytics.framework/Versions/A/CoreAnalytics
0x00007fff4489b000 	/System/Library/PrivateFrameworks/AppleSauce.framework/Versions/A/AppleSauce
0x00007fff677e9000 	/usr/lib/libIOReport.dylib
0x00007fff329d9000 	/System/Library/Frameworks/CoreVideo.framework/Versions/A/CoreVideo
0x00007fff5332b000 	/System/Library/PrivateFrameworks/GraphVisualizer.framework/Versions/A/GraphVisualizer
0x00007fff4c67c000 	/System/Library/PrivateFrameworks/FaceCore.framework/Versions/A/FaceCore
0x00007fff39efd000 	/System/Library/Frameworks/OpenCL.framework/Versions/A/OpenCL
0x00007fff6760b000 	/usr/lib/libFosl_dynamic.dylib
0x00007fff58a6c000 	/System/Library/PrivateFrameworks/OTSVG.framework/Versions/A/OTSVG
0x00007fff2eb8e000 	/System/Library/Frameworks/ApplicationServices.framework/Versions/A/Frameworks/ATS.framework/Versions/A/Resources/libFontRegistry.dylib
0x00007fff4d306000 	/System/Library/PrivateFrameworks/FontServices.framework/libhvf.dylib
0x00007fff3a8f2000 	/System/Library/Frameworks/OpenGL.framework/Versions/A/Libraries/libGFXShared.dylib
0x00007fff3aad0000 	/System/Library/Frameworks/OpenGL.framework/Versions/A/Libraries/libGLU.dylib
0x00007fff3a8fb000 	/System/Library/Frameworks/OpenGL.framework/Versions/A/Libraries/libGL.dylib
0x00007fff3a906000 	/System/Library/Frameworks/OpenGL.framework/Versions/A/Libraries/libGLImage.dylib
0x00007fff3a8e4000 	/System/Library/Frameworks/OpenGL.framework/Versions/A/Libraries/libCVMSPluginSupport.dylib
0x00007fff3a8ed000 	/System/Library/Frameworks/OpenGL.framework/Versions/A/Libraries/libCoreVMClient.dylib
0x00007fff6927b000 	/usr/lib/libncurses.5.4.dylib
0x00007fff2ea8a000 	/System/Library/Frameworks/ApplicationServices.framework/Versions/A/Frameworks/ATS.framework/Versions/A/ATS
0x00007fff2ec57000 	/System/Library/Frameworks/ApplicationServices.framework/Versions/A/Frameworks/ColorSyncLegacy.framework/Versions/A/ColorSyncLegacy
0x00007fff2ecf5000 	/System/Library/Frameworks/ApplicationServices.framework/Versions/A/Frameworks/HIServices.framework/Versions/A/HIServices
0x00007fff2ed4d000 	/System/Library/Frameworks/ApplicationServices.framework/Versions/A/Frameworks/LangAnalysis.framework/Versions/A/LangAnalysis
0x00007fff2ed5c000 	/System/Library/Frameworks/ApplicationServices.framework/Versions/A/Frameworks/PrintCore.framework/Versions/A/PrintCore
0x00007fff2eda2000 	/System/Library/Frameworks/ApplicationServices.framework/Versions/A/Frameworks/QD.framework/Versions/A/QD
0x00007fff2edad000 	/System/Library/Frameworks/ApplicationServices.framework/Versions/A/Frameworks/SpeechSynthesis.framework/Versions/A/SpeechSynthesis
0x00007fff2ec27000 	/System/Library/Frameworks/ApplicationServices.framework/Versions/A/Frameworks/ATSUI.framework/Versions/A/ATSUI
0x00007fff686c1000 	/usr/lib/libcups.2.dylib
0x00007fff35373000 	/System/Library/Frameworks/Kerberos.framework/Versions/A/Kerberos
0x00007fff334b5000 	/System/Library/Frameworks/GSS.framework/Versions/A/GSS
0x00007fff699fe000 	/usr/lib/libresolv.9.dylib
0x00007fff534d8000 	/System/Library/PrivateFrameworks/Heimdal.framework/Versions/A/Heimdal
0x00007fff35386000 	/System/Library/Frameworks/Kerberos.framework/Versions/A/Libraries/libHeimdalProxy.dylib
0x00007fff68868000 	/usr/lib/libheimdal-asn1.dylib
0x00007fff477cb000 	/System/Library/PrivateFrameworks/CommonAuth.framework/Versions/A/CommonAuth
0x00007fff44a19000 	/System/Library/PrivateFrameworks/AssertionServices.framework/Versions/A/AssertionServices
0x00007fff455bc000 	/System/Library/PrivateFrameworks/AudioToolboxCore.framework/Versions/A/AudioToolboxCore
0x00007fff64686000 	/System/Library/PrivateFrameworks/caulk.framework/Versions/A/caulk
0x00007fff45b85000 	/System/Library/PrivateFrameworks/BaseBoard.framework/Versions/A/BaseBoard
0x00007fff5cccf000 	/System/Library/PrivateFrameworks/RunningBoardServices.framework/Versions/A/RunningBoardServices
0x00007fff59ce0000 	/System/Library/PrivateFrameworks/PersistentConnection.framework/Versions/A/PersistentConnection
0x00007fff5c6c8000 	/System/Library/PrivateFrameworks/ProtocolBuffer.framework/Versions/A/ProtocolBuffer
0x00007fff477ef000 	/System/Library/PrivateFrameworks/CommonUtilities.framework/Versions/A/CommonUtilities
0x00007fff45d13000 	/System/Library/PrivateFrameworks/Bom.framework/Versions/A/Bom
0x00007fff674bc000 	/usr/lib/libAudioToolboxUtility.dylib
0x00007fff45ae3000 	/System/Library/PrivateFrameworks/Backup.framework/Versions/A/Backup
0x00007fff4a8c1000 	/System/Library/PrivateFrameworks/CrashReporterSupport.framework/Versions/A/CrashReporterSupport
0x00007fff5e761000 	/System/Library/PrivateFrameworks/Sharing.framework/Versions/A/Sharing
0x00007fff44027000 	/System/Library/PrivateFrameworks/Apple80211.framework/Versions/A/Apple80211
0x00007fff45800000 	/System/Library/PrivateFrameworks/AuthKit.framework/Versions/A/AuthKit
0x00007fff4a5ce000 	/System/Library/PrivateFrameworks/CoreUtils.framework/Versions/A/CoreUtils
0x00007fff32a1e000 	/System/Library/Frameworks/CoreWLAN.framework/Versions/A/CoreWLAN
0x00007fff33642000 	/System/Library/Frameworks/IOBluetooth.framework/Versions/A/IOBluetooth
0x00007fff578a5000 	/System/Library/PrivateFrameworks/MobileKeyBag.framework/Versions/A/MobileKeyBag
0x00007fff493d3000 	/System/Library/PrivateFrameworks/CorePhoneNumbers.framework/Versions/A/CorePhoneNumbers
0x00007fff44417000 	/System/Library/PrivateFrameworks/AppleIDAuthSupport.framework/Versions/A/AppleIDAuthSupport
0x00007fff37374000 	/System/Library/Frameworks/Network.framework/Versions/A/Network
0x00007fff55f73000 	/System/Library/PrivateFrameworks/KeychainCircle.framework/Versions/A/KeychainCircle
0x00007fff3046f000 	/System/Library/Frameworks/CoreBluetooth.framework/Versions/A/CoreBluetooth
0x00007fff607e0000 	/System/Library/PrivateFrameworks/SpeechRecognitionCore.framework/Versions/A/SpeechRecognitionCore
0x000000010ac00000 	/usr/local/Cellar/openjdk@8/1.8.0+275/libexec/openjdk.jdk/Contents/Home/jre/lib/server/libjvm.dylib
0x000000010a21d000 	/usr/local/Cellar/openjdk@8/1.8.0+275/libexec/openjdk.jdk/Contents/Home/jre/lib/libverify.dylib
0x000000010a231000 	/usr/local/Cellar/openjdk@8/1.8.0+275/libexec/openjdk.jdk/Contents/Home/jre/lib/libjava.dylib
0x000000010a262000 	/usr/local/Cellar/openjdk@8/1.8.0+275/libexec/openjdk.jdk/Contents/Home/jre/lib/libinstrument.dylib
0x000000010a28e000 	/usr/local/Cellar/openjdk@8/1.8.0+275/libexec/openjdk.jdk/Contents/Home/jre/lib/libzip.dylib
0x0000000110e6b000 	/usr/local/Cellar/openjdk@8/1.8.0+275/libexec/openjdk.jdk/Contents/Home/jre/lib/libnio.dylib
0x0000000110e83000 	/usr/local/Cellar/openjdk@8/1.8.0+275/libexec/openjdk.jdk/Contents/Home/jre/lib/libnet.dylib
0x0000000110f32000 	/usr/local/Cellar/openjdk@8/1.8.0+275/libexec/openjdk.jdk/Contents/Home/jre/lib/libmanagement.dylib
0x000000011117c000 	/usr/local/Cellar/openjdk@8/1.8.0+275/libexec/openjdk.jdk/Contents/Home/jre/lib/libsunec.dylib
0x00000001117aa000 	/private/var/folders/44/_g7lrldx2qd33w8q7dxhmrd40000gn/T/liblz4-java3530877900931415208.dylib
0x00000001119b6000 	/private/var/folders/44/_g7lrldx2qd33w8q7dxhmrd40000gn/T/jna--198389884/jna2341022723121595220.tmp
0x00007fff3536e000 	/System/Library/Frameworks/JavaVM.framework/Versions/A/JavaVM
0x00007fff55d8a000 	/System/Library/PrivateFrameworks/JavaLaunching.framework/Versions/A/JavaLaunching

VM Arguments:
jvm_args: -Xloggc:/usr/local/Cellar/cassandra/3.11.9_1/libexec/logs/gc.log -ea -XX:+UseThreadPriorities -XX:ThreadPriorityPolicy=42 -XX:+HeapDumpOnOutOfMemoryError -Xss256k -XX:StringTableSize=1000003 -XX:+AlwaysPreTouch -XX:-UseBiasedLocking -XX:+UseTLAB -XX:+ResizeTLAB -XX:+UseNUMA -XX:+PerfDisableSharedMem -Djava.net.preferIPv4Stack=true -XX:+UseParNewGC -XX:+UseConcMarkSweepGC -XX:+CMSParallelRemarkEnabled -XX:SurvivorRatio=8 -XX:MaxTenuringThreshold=1 -XX:CMSInitiatingOccupancyFraction=75 -XX:+UseCMSInitiatingOccupancyOnly -XX:CMSWaitDuration=10000 -XX:+CMSParallelInitialMarkEnabled -XX:+CMSEdenChunksRecordAlways -XX:+CMSClassUnloadingEnabled -XX:+PrintGCDetails -XX:+PrintGCDateStamps -XX:+PrintHeapAtGC -XX:+PrintTenuringDistribution -XX:+PrintGCApplicationStoppedTime -XX:+PrintPromotionFailure -XX:+UseGCLogFileRotation -XX:NumberOfGCLogFiles=10 -XX:GCLogFileSize=10M -Xms1024M -Xmx1024M -Xmn256M -XX:+UseCondCardMark -XX:CompileCommandFile=/usr/local/etc/cassandra/hotspot_compiler -javaagent:/usr/local/Cellar/cassandra/3.11.9_1/libexec/jamm-0.3.0.jar -Dcassandra.jmx.local.port=7199 -Dcom.sun.management.jmxremote.authenticate=false -Dcom.sun.management.jmxremote.password.file=/etc/cassandra/jmxremote.password -Djava.library.path=/usr/local/Cellar/cassandra/3.11.9_1/libexec/sigar-bin -XX:OnOutOfMemoryError=kill -9 %p -Dlogback.configurationFile=logback.xml -Dcassandra.logdir=/usr/local/var/log/cassandra -Dcassandra.storagedir=/usr/local/var/lib/cassandra -Dcassandra-foreground=yes 
java_command: org.apache.cassandra.service.CassandraDaemon
java_class_path (initial): /usr/local/etc/cassandra:/usr/local/Cellar/cassandra/3.11.9_1/libexec/build/classes/main:/usr/local/Cellar/cassandra/3.11.9_1/libexec/build/classes/thrift:/usr/local/Cellar/cassandra/3.11.9_1/libexec/HdrHistogram-2.1.9.jar:/usr/local/Cellar/cassandra/3.11.9_1/libexec/ST4-4.0.8.jar:/usr/local/Cellar/cassandra/3.11.9_1/libexec/airline-0.6.jar:/usr/local/Cellar/cassandra/3.11.9_1/libexec/antlr-runtime-3.5.2.jar:/usr/local/Cellar/cassandra/3.11.9_1/libexec/apache-cassandra-3.11.9.jar:/usr/local/Cellar/cassandra/3.11.9_1/libexec/apache-cassandra-thrift-3.11.9.jar:/usr/local/Cellar/cassandra/3.11.9_1/libexec/asm-5.0.4.jar:/usr/local/Cellar/cassandra/3.11.9_1/libexec/caffeine-2.2.6.jar:/usr/local/Cellar/cassandra/3.11.9_1/libexec/cassandra-driver-core-3.0.1-shaded.jar:/usr/local/Cellar/cassandra/3.11.9_1/libexec/commons-cli-1.1.jar:/usr/local/Cellar/cassandra/3.11.9_1/libexec/commons-codec-1.9.jar:/usr/local/Cellar/cassandra/3.11.9_1/libexec/commons-lang3-3.1.jar:/usr/local/Cellar/cassandra/3.11.9_1/libexec/commons-math3-3.2.jar:/usr/local/Cellar/cassandra/3.11.9_1/libexec/compress-lzf-0.8.4.jar:/usr/local/Cellar/cassandra/3.11.9_1/libexec/concurrent-trees-2.4.0.jar:/usr/local/Cellar/cassandra/3.11.9_1/libexec/concurrentlinkedhashmap-lru-1.4.jar:/usr/local/Cellar/cassandra/3.11.9_1/libexec/disruptor-3.0.1.jar:/usr/local/Cellar/cassandra/3.11.9_1/libexec/ecj-4.4.2.jar:/usr/local/Cellar/cassandra/3.11.9_1/libexec/guava-18.0.jar:/usr/local/Cellar/cassandra/3.11.9_1/libexec/high-scale-lib-1.0.6.jar:/usr/local/Cellar/cassandra/3.11.9_1/libexec/hppc-0.5.4.jar:/usr/local/Cellar/cassandra/3.11.9_1/libexec/jackson-annotations-2.9.10.jar:/usr/local/Cellar/cassandra/3.11.9_1/libexec/jackson-core-2.9.10.jar:/usr/local/Cellar/cassandra/3.11.9_1/libexec/jackson-databind-2.9.10.4.jar:/usr/local/Cellar/cassandra/3.11.9_1/libexec/jamm-0.3.0.jar:/usr/local/Cellar/cassandra/3.11.9_1/libexec/javax.inject.jar:/usr/local/Cellar/cassandra/3.11.9_1/libexec/jbcrypt-0.3
Launcher Type: SUN_STANDARD

Environment Variables:
PATH=/Users/UltraTuron/Desktop/opt/anaconda3/bin:/Users/UltraTuron/Desktop/opt/anaconda3/condabin:/usr/local/bin:/usr/bin:/bin:/usr/sbin:/sbin:/Library/TeX/texbin:/usr/local/go/bin:/Library/Apple/usr/bin:/Library/Frameworks/Mono.framework/Versions/Current/Commands
SHELL=/bin/zsh

Signal Handlers:
SIGSEGV: [libjvm.dylib+0x58b203], sa_mask[0]=11111111011111110111111111111111, sa_flags=SA_ONSTACK|SA_RESTART|SA_SIGINFO
SIGBUS: [libjvm.dylib+0x58b203], sa_mask[0]=11111111011111110111111111111111, sa_flags=SA_RESTART|SA_SIGINFO
SIGFPE: [libjvm.dylib+0x4869f7], sa_mask[0]=11111111011111110111111111111111, sa_flags=SA_RESTART|SA_SIGINFO
SIGPIPE: [libjvm.dylib+0x4869f7], sa_mask[0]=11111111011111110111111111111111, sa_flags=SA_RESTART|SA_SIGINFO
SIGXFSZ: [libjvm.dylib+0x4869f7], sa_mask[0]=11111111011111110111111111111111, sa_flags=SA_RESTART|SA_SIGINFO
SIGILL: [libjvm.dylib+0x4869f7], sa_mask[0]=11111111011111110111111111111111, sa_flags=SA_RESTART|SA_SIGINFO
SIGUSR1: SIG_DFL, sa_mask[0]=00000000000000000000000000000000, sa_flags=SA_RESTART
SIGUSR2: [libjvm.dylib+0x4872cd], sa_mask[0]=00000000000000000000000000000000, sa_flags=SA_RESTART|SA_SIGINFO
SIGHUP: [libjvm.dylib+0x4854bd], sa_mask[0]=11111111011111110111111111111111, sa_flags=SA_RESTART|SA_SIGINFO
SIGINT: [libjvm.dylib+0x4854bd], sa_mask[0]=11111111011111110111111111111111, sa_flags=SA_RESTART|SA_SIGINFO
SIGTERM: [libjvm.dylib+0x4854bd], sa_mask[0]=11111111011111110111111111111111, sa_flags=SA_RESTART|SA_SIGINFO
SIGQUIT: [libjvm.dylib+0x4854bd], sa_mask[0]=11111111011111110111111111111111, sa_flags=SA_RESTART|SA_SIGINFO


---------------  S Y S T E M  ---------------

OS:Bsduname:Darwin 19.6.0 Darwin Kernel Version 19.6.0: Tue Nov 10 00:10:30 PST 2020; root:xnu-6153.141.10~1/RELEASE_X86_64 x86_64
rlimit: STACK 8192k, CORE 0k, NPROC 1392, NOFILE 10240, AS infinity
load average:4.00 3.15 2.92

CPU:total 4 (initial active 4) (2 cores per cpu, 2 threads per core) family 6 model 69 stepping 1, cmov, cx8, fxsr, mmx, sse, sse2, sse3, ssse3, sse4.1, sse4.2, popcnt, avx, avx2, aes, clmul, erms, lzcnt, ht, tsc, tscinvbit, bmi1, bmi2

Memory: 4k page, physical 4194304k(27420k free)

/proc/meminfo:


vm_info: OpenJDK 64-Bit Server VM (25.275-b00) for bsd-amd64 JRE (1.8.0_275-bre_2020_11_16_16_29-b00), built on Nov 16 2020 16:34:49 by "brew" with gcc Apple LLVM 12.0.0 (clang-1200.0.32.27)

time: Fri Jan 29 15:27:06 2021
timezone: -03
elapsed time: 24.336182 seconds (0d 0h 0m 24s)

